::1 - - [05/Apr/2026 14:38:33] "GET /home.html HTTP/1.1" 200 -
::1 - - [05/Apr/2026 14:39:04] "GET /home.html HTTP/1.1" 304 -
::1 - - [05/Apr/2026 14:39:04] "GET /css/style.css HTTP/1.1" 304 -
::1 - - [05/Apr/2026 14:39:04] "GET /css/home.css HTTP/1.1" 304 -
::1 - - [05/Apr/2026 14:39:04] "GET /js/main.js HTTP/1.1" 304 -
::1 - - [05/Apr/2026 14:39:28] "GET / HTTP/1.1" 200 -
::1 - - [05/Apr/2026 14:39:32] "GET /pages/products.html HTTP/1.1" 200 -
::1 - - [05/Apr/2026 14:39:32] "GET /css/products.css HTTP/1.1" 200 -
::1 - - [05/Apr/2026 14:39:42] "GET /pages/about.html HTTP/1.1" 200 -
::1 - - [05/Apr/2026 14:39:42] "GET /css/about.css HTTP/1.1" 200 -
::1 - - [05/Apr/2026 14:39:53] "GET /index.html HTTP/1.1" 304 -
::1 - - [05/Apr/2026 14:40:01] "GET /pages/auth.html HTTP/1.1" 200 -
::1 - - [05/Apr/2026 14:40:06] "GET /pages/admin-login.html HTTP/1.1" 200 -
::1 - - [05/Apr/2026 14:40:12] "GET /pages/register.html HTTP/1.1" 200 -
::1 - - [05/Apr/2026 14:40:12] "GET /css/auth.css HTTP/1.1" 200 -
::1 - - [05/Apr/2026 14:48:34] "GET /pages/register.html HTTP/1.1" 304 -
::1 - - [05/Apr/2026 14:48:34] "GET /css/style.css HTTP/1.1" 304 -
::1 - - [05/Apr/2026 14:48:34] "GET /css/auth.css HTTP/1.1" 304 -
::1 - - [05/Apr/2026 14:48:34] "GET /js/main.js HTTP/1.1" 304 -
::1 - - [05/Apr/2026 14:49:14] "GET /pages/profile.html HTTP/1.1" 200 -
::1 - - [05/Apr/2026 14:49:14] "GET /css/profile.css HTTP/1.1" 200 -
::1 - - [05/Apr/2026 14:49:56] "GET /pages/profile.html HTTP/1.1" 304 -
::1 - - [05/Apr/2026 14:49:59] "GET /pages/cart.html HTTP/1.1" 304 -
::1 - - [05/Apr/2026 14:49:59] "GET /css/cart.css HTTP/1.1" 304 -
::1 - - [05/Apr/2026 14:49:59] "GET /js/cart.js HTTP/1.1" 304 -
::1 - - [05/Apr/2026 14:50:02] "GET /index.html HTTP/1.1" 304 -
::1 - - [05/Apr/2026 14:51:30] "GET /home.html HTTP/1.1" 200 -
::1 - - [05/Apr/2026 14:51:43] "GET /index.html HTTP/1.1" 304 -
::1 - - [05/Apr/2026 14:51:59] "GET / HTTP/1.1" 304 -
